This is pdfTeX, Version 3.14159265-2.6-1.40.21 (TeX Live 2020/Debian) (preloaded format=pdflatex 2021.8.19)  7 DEC 2021 09:45
entering extended mode
 restricted \write18 enabled.
 %&-line parsing enabled.
**reporte.tex
(./reporte.tex
LaTeX2e <2020-10-01> patch level 4
L3 programming layer <2021-01-09> xparse <2020-03-03>
(/usr/share/texlive/texmf-dist/tex/latex/base/article.cls
Document Class: article 2020/04/10 v1.4m Standard LaTeX document class
(/usr/share/texlive/texmf-dist/tex/latex/base/size10.clo
File: size10.clo 2020/04/10 v1.4m Standard LaTeX file (size option)
)
\c@part=\count177
\c@section=\count178
\c@subsection=\count179
\c@subsubsection=\count180
\c@paragraph=\count181
\c@subparagraph=\count182
\c@figure=\count183
\c@table=\count184
\abovecaptionskip=\skip47
\belowcaptionskip=\skip48
\bibindent=\dimen138
)
(/usr/share/texlive/texmf-dist/tex/latex/amsmath/amsmath.sty
Package: amsmath 2020/09/23 v2.17i AMS math features
\@mathmargin=\skip49

For additional information on amsmath, use the `?' option.
(/usr/share/texlive/texmf-dist/tex/latex/amsmath/amstext.sty
Package: amstext 2000/06/29 v2.01 AMS text

(/usr/share/texlive/texmf-dist/tex/latex/amsmath/amsgen.sty
File: amsgen.sty 1999/11/30 v2.0 generic functions
\@emptytoks=\toks15
\ex@=\dimen139
))
(/usr/share/texlive/texmf-dist/tex/latex/amsmath/amsbsy.sty
Package: amsbsy 1999/11/29 v1.2d Bold Symbols
\pmbraise@=\dimen140
)
(/usr/share/texlive/texmf-dist/tex/latex/amsmath/amsopn.sty
Package: amsopn 2016/03/08 v2.02 operator names
)
\inf@bad=\count185
LaTeX Info: Redefining \frac on input line 234.
\uproot@=\count186
\leftroot@=\count187
LaTeX Info: Redefining \overline on input line 399.
\classnum@=\count188
\DOTSCASE@=\count189
LaTeX Info: Redefining \ldots on input line 496.
LaTeX Info: Redefining \dots on input line 499.
LaTeX Info: Redefining \cdots on input line 620.
\Mathstrutbox@=\box47
\strutbox@=\box48
\big@size=\dimen141
LaTeX Font Info:    Redeclaring font encoding OML on input line 743.
LaTeX Font Info:    Redeclaring font encoding OMS on input line 744.
\macc@depth=\count190
\c@MaxMatrixCols=\count191
\dotsspace@=\muskip16
\c@parentequation=\count192
\dspbrk@lvl=\count193
\tag@help=\toks16
\row@=\count194
\column@=\count195
\maxfields@=\count196
\andhelp@=\toks17
\eqnshift@=\dimen142
\alignsep@=\dimen143
\tagshift@=\dimen144
\tagwidth@=\dimen145
\totwidth@=\dimen146
\lineht@=\dimen147
\@envbody=\toks18
\multlinegap=\skip50
\multlinetaggap=\skip51
\mathdisplay@stack=\toks19
LaTeX Info: Redefining \[ on input line 2923.
LaTeX Info: Redefining \] on input line 2924.
)
(/usr/share/texlive/texmf-dist/tex/latex/amsfonts/amssymb.sty
Package: amssymb 2013/01/14 v3.01 AMS font symbols

(/usr/share/texlive/texmf-dist/tex/latex/amsfonts/amsfonts.sty
Package: amsfonts 2013/01/14 v3.01 Basic AMSFonts support
\symAMSa=\mathgroup4
\symAMSb=\mathgroup5
LaTeX Font Info:    Redeclaring math symbol \hbar on input line 98.
LaTeX Font Info:    Overwriting math alphabet `\mathfrak' in version `bold'
(Font)                  U/euf/m/n --> U/euf/b/n on input line 106.
))
(/usr/share/texmf/tex/latex/lm/lmodern.sty
Package: lmodern 2009/10/30 v1.6 Latin Modern Fonts
LaTeX Font Info:    Overwriting symbol font `operators' in version `normal'
(Font)                  OT1/cmr/m/n --> OT1/lmr/m/n on input line 22.
LaTeX Font Info:    Overwriting symbol font `letters' in version `normal'
(Font)                  OML/cmm/m/it --> OML/lmm/m/it on input line 23.
LaTeX Font Info:    Overwriting symbol font `symbols' in version `normal'
(Font)                  OMS/cmsy/m/n --> OMS/lmsy/m/n on input line 24.
LaTeX Font Info:    Overwriting symbol font `largesymbols' in version `normal'
(Font)                  OMX/cmex/m/n --> OMX/lmex/m/n on input line 25.
LaTeX Font Info:    Overwriting symbol font `operators' in version `bold'
(Font)                  OT1/cmr/bx/n --> OT1/lmr/bx/n on input line 26.
LaTeX Font Info:    Overwriting symbol font `letters' in version `bold'
(Font)                  OML/cmm/b/it --> OML/lmm/b/it on input line 27.
LaTeX Font Info:    Overwriting symbol font `symbols' in version `bold'
(Font)                  OMS/cmsy/b/n --> OMS/lmsy/b/n on input line 28.
LaTeX Font Info:    Overwriting symbol font `largesymbols' in version `bold'
(Font)                  OMX/cmex/m/n --> OMX/lmex/m/n on input line 29.
LaTeX Font Info:    Overwriting math alphabet `\mathbf' in version `normal'
(Font)                  OT1/cmr/bx/n --> OT1/lmr/bx/n on input line 31.
LaTeX Font Info:    Overwriting math alphabet `\mathsf' in version `normal'
(Font)                  OT1/cmss/m/n --> OT1/lmss/m/n on input line 32.
LaTeX Font Info:    Overwriting math alphabet `\mathit' in version `normal'
(Font)                  OT1/cmr/m/it --> OT1/lmr/m/it on input line 33.
LaTeX Font Info:    Overwriting math alphabet `\mathtt' in version `normal'
(Font)                  OT1/cmtt/m/n --> OT1/lmtt/m/n on input line 34.
LaTeX Font Info:    Overwriting math alphabet `\mathbf' in version `bold'
(Font)                  OT1/cmr/bx/n --> OT1/lmr/bx/n on input line 35.
LaTeX Font Info:    Overwriting math alphabet `\mathsf' in version `bold'
(Font)                  OT1/cmss/bx/n --> OT1/lmss/bx/n on input line 36.
LaTeX Font Info:    Overwriting math alphabet `\mathit' in version `bold'
(Font)                  OT1/cmr/bx/it --> OT1/lmr/bx/it on input line 37.
LaTeX Font Info:    Overwriting math alphabet `\mathtt' in version `bold'
(Font)                  OT1/cmtt/m/n --> OT1/lmtt/m/n on input line 38.
)
(/usr/share/texlive/texmf-dist/tex/generic/iftex/iftex.sty
Package: iftex 2020/03/06 v1.0d TeX engine tests
)
(/usr/share/texlive/texmf-dist/tex/latex/base/fontenc.sty
Package: fontenc 2020/08/10 v2.0s Standard LaTeX package
LaTeX Font Info:    Trying to load font information for T1+lmr on input line 11
2.

(/usr/share/texmf/tex/latex/lm/t1lmr.fd
File: t1lmr.fd 2009/10/30 v1.6 Font defs for Latin Modern
))
(/usr/share/texlive/texmf-dist/tex/latex/base/inputenc.sty
Package: inputenc 2020/08/01 v1.3d Input encoding file
\inpenc@prehook=\toks20
\inpenc@posthook=\toks21
)
(/usr/share/texlive/texmf-dist/tex/latex/base/textcomp.sty
Package: textcomp 2020/02/02 v2.0n Standard LaTeX package
)
(/usr/share/texlive/texmf-dist/tex/latex/upquote/upquote.sty
Package: upquote 2012/04/19 v1.3 upright-quote and grave-accent glyphs in verba
tim
)
(/usr/share/texlive/texmf-dist/tex/latex/microtype/microtype.sty
Package: microtype 2020/12/07 v2.8 Micro-typographical refinements (RS)

(/usr/share/texlive/texmf-dist/tex/latex/graphics/keyval.sty
Package: keyval 2014/10/28 v1.15 key=value parser (DPC)
\KV@toks@=\toks22
)
\MT@toks=\toks23
\MT@count=\count197
LaTeX Info: Redefining \textls on input line 788.
\MT@outer@kern=\dimen148
LaTeX Info: Redefining \textmicrotypecontext on input line 1358.
\MT@listname@count=\count198

(/usr/share/texlive/texmf-dist/tex/latex/microtype/microtype-pdftex.def
File: microtype-pdftex.def 2020/12/07 v2.8 Definitions specific to pdftex (RS)
LaTeX Info: Redefining \lsstyle on input line 915.
LaTeX Info: Redefining \lslig on input line 915.
\MT@outer@space=\skip52
)
Package microtype Info: Loading configuration file microtype.cfg.

(/usr/share/texlive/texmf-dist/tex/latex/microtype/microtype.cfg
File: microtype.cfg 2020/12/07 v2.8 microtype main configuration file (RS)
))
(/usr/share/texlive/texmf-dist/tex/latex/parskip/parskip.sty
Package: parskip 2020-06-15 v2.0f non-zero parskip adjustments

(/usr/share/texlive/texmf-dist/tex/latex/kvoptions/kvoptions.sty
Package: kvoptions 2020-10-07 v3.14 Key value format for package options (HO)

(/usr/share/texlive/texmf-dist/tex/generic/ltxcmds/ltxcmds.sty
Package: ltxcmds 2020-05-10 v1.25 LaTeX kernel commands for general use (HO)
)
(/usr/share/texlive/texmf-dist/tex/generic/kvsetkeys/kvsetkeys.sty
Package: kvsetkeys 2019/12/15 v1.18 Key value parser (HO)
))
(/usr/share/texlive/texmf-dist/tex/latex/etoolbox/etoolbox.sty
Package: etoolbox 2020/10/05 v2.5k e-TeX tools for LaTeX (JAW)
\etb@tempcnta=\count199
))
(/usr/share/texlive/texmf-dist/tex/latex/xcolor/xcolor.sty
Package: xcolor 2016/05/11 v2.12 LaTeX color extensions (UK)

(/usr/share/texlive/texmf-dist/tex/latex/graphics-cfg/color.cfg
File: color.cfg 2016/01/02 v1.6 sample color configuration
)
Package xcolor Info: Driver file: pdftex.def on input line 225.

(/usr/share/texlive/texmf-dist/tex/latex/graphics-def/pdftex.def
File: pdftex.def 2020/10/05 v1.2a Graphics/color driver for pdftex
)
Package xcolor Info: Model `cmy' substituted by `cmy0' on input line 1348.
Package xcolor Info: Model `hsb' substituted by `rgb' on input line 1352.
Package xcolor Info: Model `RGB' extended on input line 1364.
Package xcolor Info: Model `HTML' substituted by `rgb' on input line 1366.
Package xcolor Info: Model `Hsb' substituted by `hsb' on input line 1367.
Package xcolor Info: Model `tHsb' substituted by `hsb' on input line 1368.
Package xcolor Info: Model `HSB' substituted by `hsb' on input line 1369.
Package xcolor Info: Model `Gray' substituted by `gray' on input line 1370.
Package xcolor Info: Model `wave' substituted by `hsb' on input line 1371.
)
(/usr/share/texlive/texmf-dist/tex/latex/xurl/xurl.sty
Package: xurl 2020/12/30 v 0.09a modify URL breaks

(/usr/share/texlive/texmf-dist/tex/latex/url/url.sty
\Urlmuskip=\muskip17
Package: url 2013/09/16  ver 3.4  Verb mode for urls, etc.
))
(/usr/share/texlive/texmf-dist/tex/latex/bookmark/bookmark.sty
Package: bookmark 2020-11-06 v1.29 PDF bookmarks (HO)

(/usr/share/texlive/texmf-dist/tex/latex/hyperref/hyperref.sty
Package: hyperref 2020-05-15 v7.00e Hypertext links for LaTeX

(/usr/share/texlive/texmf-dist/tex/generic/pdftexcmds/pdftexcmds.sty
Package: pdftexcmds 2020-06-27 v0.33 Utility functions of pdfTeX for LuaTeX (HO
)

(/usr/share/texlive/texmf-dist/tex/generic/infwarerr/infwarerr.sty
Package: infwarerr 2019/12/03 v1.5 Providing info/warning/error messages (HO)
)
Package pdftexcmds Info: \pdf@primitive is available.
Package pdftexcmds Info: \pdf@ifprimitive is available.
Package pdftexcmds Info: \pdfdraftmode found.
)
(/usr/share/texlive/texmf-dist/tex/generic/kvdefinekeys/kvdefinekeys.sty
Package: kvdefinekeys 2019-12-19 v1.6 Define keys (HO)
)
(/usr/share/texlive/texmf-dist/tex/generic/pdfescape/pdfescape.sty
Package: pdfescape 2019/12/09 v1.15 Implements pdfTeX's escape features (HO)
)
(/usr/share/texlive/texmf-dist/tex/latex/hycolor/hycolor.sty
Package: hycolor 2020-01-27 v1.10 Color options for hyperref/bookmark (HO)
)
(/usr/share/texlive/texmf-dist/tex/latex/letltxmacro/letltxmacro.sty
Package: letltxmacro 2019/12/03 v1.6 Let assignment for LaTeX macros (HO)
)
(/usr/share/texlive/texmf-dist/tex/latex/auxhook/auxhook.sty
Package: auxhook 2019-12-17 v1.6 Hooks for auxiliary files (HO)
)
\@linkdim=\dimen149
\Hy@linkcounter=\count266
\Hy@pagecounter=\count267

(/usr/share/texlive/texmf-dist/tex/latex/hyperref/pd1enc.def
File: pd1enc.def 2020-05-15 v7.00e Hyperref: PDFDocEncoding definition (HO)
Now handling font encoding PD1 ...
... no UTF-8 mapping file for font encoding PD1
)
(/usr/share/texlive/texmf-dist/tex/generic/intcalc/intcalc.sty
Package: intcalc 2019/12/15 v1.3 Expandable calculations with integers (HO)
)
(/usr/share/texlive/texmf-dist/tex/generic/etexcmds/etexcmds.sty
Package: etexcmds 2019/12/15 v1.7 Avoid name clashes with e-TeX commands (HO)
)
\Hy@SavedSpaceFactor=\count268
Package hyperref Info: Option `unicode' set `true' on input line 4338.

(/usr/share/texlive/texmf-dist/tex/latex/hyperref/puenc.def
File: puenc.def 2020-05-15 v7.00e Hyperref: PDF Unicode definition (HO)
Now handling font encoding PU ...
... no UTF-8 mapping file for font encoding PU
)
Package hyperref Info: Hyper figures OFF on input line 4464.
Package hyperref Info: Link nesting OFF on input line 4469.
Package hyperref Info: Hyper index ON on input line 4472.
Package hyperref Info: Plain pages OFF on input line 4479.
Package hyperref Info: Backreferencing OFF on input line 4484.
Package hyperref Info: Implicit mode ON; LaTeX internals redefined.
Package hyperref Info: Bookmarks ON on input line 4717.
\c@Hy@tempcnt=\count269
LaTeX Info: Redefining \url on input line 5076.
\XeTeXLinkMargin=\dimen150

(/usr/share/texlive/texmf-dist/tex/generic/bitset/bitset.sty
Package: bitset 2019/12/09 v1.3 Handle bit-vector datatype (HO)

(/usr/share/texlive/texmf-dist/tex/generic/bigintcalc/bigintcalc.sty
Package: bigintcalc 2019/12/15 v1.5 Expandable calculations on big integers (HO
)
))
\Fld@menulength=\count270
\Field@Width=\dimen151
\Fld@charsize=\dimen152
Package hyperref Info: Hyper figures OFF on input line 6347.
Package hyperref Info: Link nesting OFF on input line 6352.
Package hyperref Info: Hyper index ON on input line 6355.
Package hyperref Info: backreferencing OFF on input line 6362.
Package hyperref Info: Link coloring OFF on input line 6367.
Package hyperref Info: Link coloring with OCG OFF on input line 6372.
Package hyperref Info: PDF/A mode OFF on input line 6377.
LaTeX Info: Redefining \ref on input line 6417.
LaTeX Info: Redefining \pageref on input line 6421.

(/usr/share/texlive/texmf-dist/tex/latex/base/atbegshi-ltx.sty
Package: atbegshi-ltx 2020/08/17 v1.0a Emulation of the original atbegshi packa
ge
with kernel methods
)
\Hy@abspage=\count271
\c@Item=\count272
\c@Hfootnote=\count273
)
Package hyperref Info: Driver (autodetected): hpdftex.

(/usr/share/texlive/texmf-dist/tex/latex/hyperref/hpdftex.def
File: hpdftex.def 2020-05-15 v7.00e Hyperref driver for pdfTeX

(/usr/share/texlive/texmf-dist/tex/latex/base/atveryend-ltx.sty
Package: atveryend-ltx 2020/08/19 v1.0a Emulation of the original atvery packag
e
with kernel methods
)
\Fld@listcount=\count274
\c@bookmark@seq@number=\count275

(/usr/share/texlive/texmf-dist/tex/latex/rerunfilecheck/rerunfilecheck.sty
Package: rerunfilecheck 2019/12/05 v1.9 Rerun checks for auxiliary files (HO)

(/usr/share/texlive/texmf-dist/tex/generic/uniquecounter/uniquecounter.sty
Package: uniquecounter 2019/12/15 v1.4 Provide unlimited unique counter (HO)
)
Package uniquecounter Info: New unique counter `rerunfilecheck' on input line 2
86.
)
\Hy@SectionHShift=\skip53
)
(/usr/share/texlive/texmf-dist/tex/latex/bookmark/bkm-pdftex.def
File: bkm-pdftex.def 2020-11-06 v1.29 bookmark driver for pdfTeX (HO)
\BKM@id=\count276
))
(/usr/share/texlive/texmf-dist/tex/latex/fancyvrb/fancyvrb.sty
Package: fancyvrb 2021/01/20 v3.7 verbatim text (tvz,hv)
\FV@CodeLineNo=\count277
\FV@InFile=\read2
\FV@TabBox=\box49
\c@FancyVerbLine=\count278
\FV@StepNumber=\count279
\FV@OutFile=\write3
)
(/usr/share/texlive/texmf-dist/tex/latex/graphics/graphicx.sty
Package: graphicx 2020/09/09 v1.2b Enhanced LaTeX Graphics (DPC,SPQR)

(/usr/share/texlive/texmf-dist/tex/latex/graphics/graphics.sty
Package: graphics 2020/08/30 v1.4c Standard LaTeX Graphics (DPC,SPQR)

(/usr/share/texlive/texmf-dist/tex/latex/graphics/trig.sty
Package: trig 2016/01/03 v1.10 sin cos tan (DPC)
)
(/usr/share/texlive/texmf-dist/tex/latex/graphics-cfg/graphics.cfg
File: graphics.cfg 2016/06/04 v1.11 sample graphics configuration
)
Package graphics Info: Driver file: pdftex.def on input line 105.
)
\Gin@req@height=\dimen153
\Gin@req@width=\dimen154
)
(/usr/share/texlive/texmf-dist/tex/latex/l3backend/l3backend-pdftex.def
File: l3backend-pdftex.def 2020-01-29 L3 backend support: PDF output (pdfTeX)
\l__color_backend_stack_int=\count280
\l__pdf_internal_box=\box50
)
(./reporte.aux)
\openout1 = `reporte.aux'.

LaTeX Font Info:    Checking defaults for OML/cmm/m/it on input line 105.
LaTeX Font Info:    ... okay on input line 105.
LaTeX Font Info:    Checking defaults for OMS/cmsy/m/n on input line 105.
LaTeX Font Info:    ... okay on input line 105.
LaTeX Font Info:    Checking defaults for OT1/cmr/m/n on input line 105.
LaTeX Font Info:    ... okay on input line 105.
LaTeX Font Info:    Checking defaults for T1/cmr/m/n on input line 105.
LaTeX Font Info:    ... okay on input line 105.
LaTeX Font Info:    Checking defaults for TS1/cmr/m/n on input line 105.
LaTeX Font Info:    ... okay on input line 105.
LaTeX Font Info:    Checking defaults for OMX/cmex/m/n on input line 105.
LaTeX Font Info:    ... okay on input line 105.
LaTeX Font Info:    Checking defaults for U/cmr/m/n on input line 105.
LaTeX Font Info:    ... okay on input line 105.
LaTeX Font Info:    Checking defaults for PD1/pdf/m/n on input line 105.
LaTeX Font Info:    ... okay on input line 105.
LaTeX Font Info:    Checking defaults for PU/pdf/m/n on input line 105.
LaTeX Font Info:    ... okay on input line 105.
LaTeX Info: Redefining \microtypecontext on input line 105.
Package microtype Info: Generating PDF output.
Package microtype Info: Character protrusion enabled (level 2).
Package microtype Info: Using protrusion set `basicmath'.
Package microtype Info: Automatic font expansion enabled (level 2),
(microtype)             stretch: 20, shrink: 20, step: 1, non-selected.
Package microtype Info: Using default expansion set `alltext-nott'.
LaTeX Info: Redefining \showhyphens on input line 105.
Package microtype Info: No adjustment of tracking.
Package microtype Info: No adjustment of interword spacing.
Package microtype Info: No adjustment of character kerning.
 (/usr/share/texlive/texmf-dist/tex/latex/microtype/mt-cmr.cfg
File: mt-cmr.cfg 2013/05/19 v2.2 microtype config. file: Computer Modern Roman 
(RS)
)
(/usr/share/texlive/texmf-dist/tex/context/base/mkii/supp-pdf.mkii
[Loading MPS to PDF converter (version 2006.09.02).]
\scratchcounter=\count281
\scratchdimen=\dimen155
\scratchbox=\box51
\nofMPsegments=\count282
\nofMParguments=\count283
\everyMPshowfont=\toks24
\MPscratchCnt=\count284
\MPscratchDim=\dimen156
\MPnumerator=\count285
\makeMPintoPDFobject=\count286
\everyMPtoPDFconversion=\toks25
) (/usr/share/texlive/texmf-dist/tex/latex/epstopdf-pkg/epstopdf-base.sty
Package: epstopdf-base 2020-01-24 v2.11 Base part for package epstopdf
Package epstopdf-base Info: Redefining graphics rule for `.eps' on input line 4
85.

(/usr/share/texlive/texmf-dist/tex/latex/latexconfig/epstopdf-sys.cfg
File: epstopdf-sys.cfg 2010/07/13 v1.3 Configuration of (r)epstopdf for TeX Liv
e
))
Package hyperref Info: Link coloring OFF on input line 105.

(/usr/share/texlive/texmf-dist/tex/latex/hyperref/nameref.sty
Package: nameref 2019/09/16 v2.46 Cross-referencing by name of section

(/usr/share/texlive/texmf-dist/tex/latex/refcount/refcount.sty
Package: refcount 2019/12/15 v3.6 Data extraction from label references (HO)
)
(/usr/share/texlive/texmf-dist/tex/generic/gettitlestring/gettitlestring.sty
Package: gettitlestring 2019/12/15 v1.6 Cleanup title references (HO)
)
\c@section@level=\count287
)
LaTeX Info: Redefining \ref on input line 105.
LaTeX Info: Redefining \pageref on input line 105.
LaTeX Info: Redefining \nameref on input line 105.
LaTeX Font Info:    Trying to load font information for OT1+lmr on input line 1
07.

(/usr/share/texmf/tex/latex/lm/ot1lmr.fd
File: ot1lmr.fd 2009/10/30 v1.6 Font defs for Latin Modern
)
LaTeX Font Info:    Trying to load font information for OML+lmm on input line 1
07.

(/usr/share/texmf/tex/latex/lm/omllmm.fd
File: omllmm.fd 2009/10/30 v1.6 Font defs for Latin Modern
)
LaTeX Font Info:    Trying to load font information for OMS+lmsy on input line 
107.

(/usr/share/texmf/tex/latex/lm/omslmsy.fd
File: omslmsy.fd 2009/10/30 v1.6 Font defs for Latin Modern
)
LaTeX Font Info:    Trying to load font information for OMX+lmex on input line 
107.

(/usr/share/texmf/tex/latex/lm/omxlmex.fd
File: omxlmex.fd 2009/10/30 v1.6 Font defs for Latin Modern
)
LaTeX Font Info:    External font `lmex10' loaded for size
(Font)              <12> on input line 107.
LaTeX Font Info:    External font `lmex10' loaded for size
(Font)              <8> on input line 107.
LaTeX Font Info:    External font `lmex10' loaded for size
(Font)              <6> on input line 107.
LaTeX Font Info:    Trying to load font information for U+msa on input line 107
.

(/usr/share/texlive/texmf-dist/tex/latex/amsfonts/umsa.fd
File: umsa.fd 2013/01/14 v3.01 AMS symbols A
)
(/usr/share/texlive/texmf-dist/tex/latex/microtype/mt-msa.cfg
File: mt-msa.cfg 2006/02/04 v1.1 microtype config. file: AMS symbols (a) (RS)
)
LaTeX Font Info:    Trying to load font information for U+msb on input line 107
.

(/usr/share/texlive/texmf-dist/tex/latex/amsfonts/umsb.fd
File: umsb.fd 2013/01/14 v3.01 AMS symbols B
)
(/usr/share/texlive/texmf-dist/tex/latex/microtype/mt-msb.cfg
File: mt-msb.cfg 2005/06/01 v1.0 microtype config. file: AMS symbols (b) (RS)
) [1

{/var/lib/texmf/fonts/map/pdftex/updmap/pdftex.map}]
LaTeX Font Info:    Trying to load font information for TS1+lmr on input line 1
25.
 (/usr/share/texmf/tex/latex/lm/ts1lmr.fd
File: ts1lmr.fd 2009/10/30 v1.6 Font defs for Latin Modern
) [2]
<../plots/trips_daily.png, id=30, 578.16pt x 433.62pt>
File: ../plots/trips_daily.png Graphic file (type png)
<use ../plots/trips_daily.png>
Package pdftex.def Info: ../plots/trips_daily.png  used on input line 185.
(pdftex.def)             Requested size: 344.99312pt x 258.74484pt.
<../plots/trips_daily_by_day.png, id=32, 578.16pt x 433.62pt>
File: ../plots/trips_daily_by_day.png Graphic file (type png)
<use ../plots/trips_daily_by_day.png>
Package pdftex.def Info: ../plots/trips_daily_by_day.png  used on input line 19
9.
(pdftex.def)             Requested size: 344.99312pt x 258.74484pt.
<../plots/trips_daily_by_weekend.png, id=33, 578.16pt x 433.62pt>
File: ../plots/trips_daily_by_weekend.png Graphic file (type png)
<use ../plots/trips_daily_by_weekend.png>
Package pdftex.def Info: ../plots/trips_daily_by_weekend.png  used on input lin
e 208.
(pdftex.def)             Requested size: 344.99312pt x 258.74484pt.
<../plots/trips_weekly.png, id=34, 578.16pt x 433.62pt>
File: ../plots/trips_weekly.png Graphic file (type png)
<use ../plots/trips_weekly.png>
Package pdftex.def Info: ../plots/trips_weekly.png  used on input line 220.
(pdftex.def)             Requested size: 344.99312pt x 258.74484pt.
 [3] [4 <../plots/trips_daily.png>] [5 <../plots/trips_daily_by_day.png>]
[6 <../plots/trips_daily_by_weekend.png>] [7 <../plots/trips_weekly.png>]
<../plots/serie1.png, id=65, 1896.08376pt x 947.54pt>
File: ../plots/serie1.png Graphic file (type png)
<use ../plots/serie1.png>
Package pdftex.def Info: ../plots/serie1.png  used on input line 241.
(pdftex.def)             Requested size: 344.98363pt x 172.4005pt.
LaTeX Font Info:    External font `lmex10' loaded for size
(Font)              <10> on input line 245.
LaTeX Font Info:    External font `lmex10' loaded for size
(Font)              <7> on input line 245.
LaTeX Font Info:    External font `lmex10' loaded for size
(Font)              <5> on input line 245.

[8 <../plots/serie1.png>] [9]
LaTeX Font Info:    Trying to load font information for T1+lmtt on input line 3
21.
 (/usr/share/texmf/tex/latex/lm/t1lmtt.fd
File: t1lmtt.fd 2009/10/30 v1.6 Font defs for Latin Modern
)
<../plots/structChange_files/structChange_9_1.png, id=89, 843.15pt x 843.15pt>
File: ../plots/structChange_files/structChange_9_1.png Graphic file (type png)
<use ../plots/structChange_files/structChange_9_1.png>
Package pdftex.def Info: ../plots/structChange_files/structChange_9_1.png  used
 on input line 351.
(pdftex.def)             Requested size: 344.999pt x 344.999pt.
<../plots/structChange_files/structChange_15_0.png, id=90, 843.15pt x 843.15pt>

File: ../plots/structChange_files/structChange_15_0.png Graphic file (type png)

<use ../plots/structChange_files/structChange_15_0.png>
Package pdftex.def Info: ../plots/structChange_files/structChange_15_0.png  use
d on input line 379.
(pdftex.def)             Requested size: 344.999pt x 344.999pt.

[10] [11 <../plots/structChange_files/structChange_9_1.png>] [12 <../plots/stru
ctChange_files/structChange_15_0.png>]
Overfull \hbox (6.74898pt too wide) in paragraph at lines 444--444
[]                               \T1/lmtt/m/n/10 Estimate Std. Error t value Pr
(>|t|)[] 
 []


Overfull \hbox (27.74892pt too wide) in paragraph at lines 444--444
[]\T1/lmtt/m/n/10 breakfactor(bp)segment1      -8.191e+05  1.614e+04 -50.743  <
 2e-16 ***[] 
 []


Overfull \hbox (27.74892pt too wide) in paragraph at lines 444--444
[]\T1/lmtt/m/n/10 breakfactor(bp)segment2      -7.583e+05  9.845e+04  -7.702 1.
37e-13 ***[] 
 []


Overfull \hbox (27.74892pt too wide) in paragraph at lines 444--444
[]\T1/lmtt/m/n/10 breakfactor(bp)segment1:date  4.963e+01  9.281e-01  53.478  <
 2e-16 ***[] 
 []


Overfull \hbox (27.74892pt too wide) in paragraph at lines 444--444
[]\T1/lmtt/m/n/10 breakfactor(bp)segment2:date  4.330e+01  5.284e+00   8.195 4.
70e-15 ***[] 
 []

[13]
<../plots/structChange_files/structChange_17_3.png, id=117, 843.15pt x 843.15pt
>
File: ../plots/structChange_files/structChange_17_3.png Graphic file (type png)

<use ../plots/structChange_files/structChange_17_3.png>
Package pdftex.def Info: ../plots/structChange_files/structChange_17_3.png  use
d on input line 482.
(pdftex.def)             Requested size: 344.999pt x 344.999pt.
<../plots/structChange_files/structChange_17_4.png, id=118, 843.15pt x 843.15pt
>
File: ../plots/structChange_files/structChange_17_4.png Graphic file (type png)

<use ../plots/structChange_files/structChange_17_4.png>
Package pdftex.def Info: ../plots/structChange_files/structChange_17_4.png  use
d on input line 495.
(pdftex.def)             Requested size: 344.999pt x 344.999pt.

Overfull \hbox (1.499pt too wide) in paragraph at lines 533--533
[]\T1/lmtt/m/n/10 lm(formula = trips ~ breakfactor(bp.bikes2)/date - 1, data = 
data)[] 
 []


Overfull \hbox (43.49887pt too wide) in paragraph at lines 533--533
[]                                      \T1/lmtt/m/n/10 Estimate Std. Error t v
alue Pr(>|t|)[] 
 []


Overfull \hbox (59.24883pt too wide) in paragraph at lines 533--533
[]\T1/lmtt/m/n/10 breakfactor(bp.bikes2)segment1      -1.816e+05  6.812e+04  -2
.666 0.008041 **[] 
 []


Overfull \hbox (64.49881pt too wide) in paragraph at lines 533--533
[]\T1/lmtt/m/n/10 breakfactor(bp.bikes2)segment2      -7.867e+05  4.157e+04 -18
.925  < 2e-16 ***[] 
 []


Overfull \hbox (64.49881pt too wide) in paragraph at lines 533--533
[]\T1/lmtt/m/n/10 breakfactor(bp.bikes2)segment3       5.271e+05  1.205e+05   4
.375  1.6e-05 ***[] 
 []


Overfull \hbox (64.49881pt too wide) in paragraph at lines 533--533
[]\T1/lmtt/m/n/10 breakfactor(bp.bikes2)segment4      -7.583e+05  7.717e+04  -9
.826  < 2e-16 ***[] 
 []

[14] [15 <../plots/structChange_files/structChange_17_3.png>] [16 <../plots/str
uctChange_files/structChange_17_4.png>]
Overfull \hbox (59.24883pt too wide) in paragraph at lines 533--533
[]\T1/lmtt/m/n/10 breakfactor(bp.bikes2)segment1:date  1.143e+01  4.070e+00   2
.809 0.005249 **[] 
 []


Overfull \hbox (64.49881pt too wide) in paragraph at lines 533--533
[]\T1/lmtt/m/n/10 breakfactor(bp.bikes2)segment2:date  4.780e+01  2.379e+00  20
.089  < 2e-16 ***[] 
 []


Overfull \hbox (64.49881pt too wide) in paragraph at lines 533--533
[]\T1/lmtt/m/n/10 breakfactor(bp.bikes2)segment3:date -2.458e+01  6.649e+00  -3
.697 0.000254 ***[] 
 []


Overfull \hbox (64.49881pt too wide) in paragraph at lines 533--533
[]\T1/lmtt/m/n/10 breakfactor(bp.bikes2)segment4:date  4.330e+01  4.142e+00  10
.455  < 2e-16 ***[] 
 []

<../plots/serie_breaks.png, id=138, 1896.08376pt x 947.54pt>
File: ../plots/serie_breaks.png Graphic file (type png)
<use ../plots/serie_breaks.png>
Package pdftex.def Info: ../plots/serie_breaks.png  used on input line 546.
(pdftex.def)             Requested size: 344.98363pt x 172.4005pt.
[17 <../plots/serie_breaks.png>] [18]
<../plots/stations_weekly.png, id=152, 578.16pt x 433.62pt>
File: ../plots/stations_weekly.png Graphic file (type png)
<use ../plots/stations_weekly.png>
Package pdftex.def Info: ../plots/stations_weekly.png  used on input line 607.
(pdftex.def)             Requested size: 344.99312pt x 258.74484pt.
<../plots/resultsUno.png, id=153, 462.528pt x 346.896pt>
File: ../plots/resultsUno.png Graphic file (type png)
<use ../plots/resultsUno.png>
Package pdftex.def Info: ../plots/resultsUno.png  used on input line 622.
(pdftex.def)             Requested size: 345.0178pt x 258.76335pt.
 [19 <../plots/stations_weekly.png>]
[20 <../plots/resultsUno.png>]
<../plots/resultsDos.png, id=169, 462.528pt x 346.896pt>
File: ../plots/resultsDos.png Graphic file (type png)
<use ../plots/resultsDos.png>
Package pdftex.def Info: ../plots/resultsDos.png  used on input line 631.
(pdftex.def)             Requested size: 345.0178pt x 258.76335pt.
<../plots/resultsTres.png, id=170, 462.528pt x 346.896pt>
File: ../plots/resultsTres.png Graphic file (type png)
<use ../plots/resultsTres.png>
Package pdftex.def Info: ../plots/resultsTres.png  used on input line 644.
(pdftex.def)             Requested size: 345.0178pt x 258.76335pt.
<../plots/resultsCuatro.png, id=171, 462.528pt x 346.896pt>
File: ../plots/resultsCuatro.png Graphic file (type png)
<use ../plots/resultsCuatro.png>
Package pdftex.def Info: ../plots/resultsCuatro.png  used on input line 661.
(pdftex.def)             Requested size: 345.0178pt x 258.76335pt.
<../plots/resultsCinco.png, id=172, 462.528pt x 362.0727pt>
File: ../plots/resultsCinco.png Graphic file (type png)
<use ../plots/resultsCinco.png>
Package pdftex.def Info: ../plots/resultsCinco.png  used on input line 672.
(pdftex.def)             Requested size: 345.0178pt x 270.08426pt.
 [21 <../plots/resultsDos.png>] [22 <../plots/resultsTres.png>] [23 <../plots/r
esultsCuatro.png>] [24 <../plots/resultsCinco.png>]
<../plots/resultsSeis.png, id=198, 462.528pt x 346.896pt>
File: ../plots/resultsSeis.png Graphic file (type png)
<use ../plots/resultsSeis.png>
Package pdftex.def Info: ../plots/resultsSeis.png  used on input line 686.
(pdftex.def)             Requested size: 345.0178pt x 258.76335pt.
 [25 <../plots/resultsSeis.png>] [26]
<../plots/resultsAntesPandemia.png, id=210, 635.976pt x 472.6458pt>
File: ../plots/resultsAntesPandemia.png Graphic file (type png)
<use ../plots/resultsAntesPandemia.png>
Package pdftex.def Info: ../plots/resultsAntesPandemia.png  used on input line 
725.
(pdftex.def)             Requested size: 344.994pt x 256.39326pt.
<../plots/resultsDespuesPandemia.png, id=211, 573.8238pt x 403.9893pt>
File: ../plots/resultsDespuesPandemia.png Graphic file (type png)
<use ../plots/resultsDespuesPandemia.png>
Package pdftex.def Info: ../plots/resultsDespuesPandemia.png  used on input lin
e 733.
(pdftex.def)             Requested size: 344.9974pt x 242.8886pt.
 [27 <../plots/resultsAntesPandemia.png>]
Underfull \hbox (badness 10000) in paragraph at lines 759--762

 []


Underfull \hbox (badness 10000) in paragraph at lines 763--765

 []


Underfull \hbox (badness 10000) in paragraph at lines 766--768

 []


Underfull \hbox (badness 10000) in paragraph at lines 769--771

 []

[28 <../plots/resultsDespuesPandemia.png>] [29] (./reporte.aux) ) 
Here is how much of TeX's memory you used:
 13220 strings out of 481209
 195627 string characters out of 5914747
 516838 words of memory out of 5000000
 29723 multiletter control sequences out of 15000+600000
 470659 words of font info for 146 fonts, out of 8000000 for 9000
 36 hyphenation exceptions out of 8191
 85i,7n,88p,599b,496s stack positions out of 5000i,500n,10000p,200000b,80000s
{/usr/share/te
xmf/fonts/enc/dvips/lm/lm-ec.enc}{/usr/share/texmf/fonts/enc/dvips/lm/lm-rm.enc
}{/usr/share/texmf/fonts/enc/dvips/lm/lm-mathex.enc}{/usr/share/texmf/fonts/enc
/dvips/lm/lm-mathit.enc}{/usr/share/texmf/fonts/enc/dvips/lm/lm-mathsy.enc}{/us
r/share/texmf/fonts/enc/dvips/lm/lm-ts1.enc}</usr/share/texmf/fonts/type1/publi
c/lm/lmbx10.pfb></usr/share/texmf/fonts/type1/public/lm/lmbx12.pfb></usr/share/
texmf/fonts/type1/public/lm/lmbxi10.pfb></usr/share/texmf/fonts/type1/public/lm
/lmex10.pfb></usr/share/texmf/fonts/type1/public/lm/lmmi10.pfb></usr/share/texm
f/fonts/type1/public/lm/lmmi5.pfb></usr/share/texmf/fonts/type1/public/lm/lmmi7
.pfb></usr/share/texmf/fonts/type1/public/lm/lmr10.pfb></usr/share/texmf/fonts/
type1/public/lm/lmr12.pfb></usr/share/texmf/fonts/type1/public/lm/lmr17.pfb></u
sr/share/texmf/fonts/type1/public/lm/lmr5.pfb></usr/share/texmf/fonts/type1/pub
lic/lm/lmr7.pfb></usr/share/texmf/fonts/type1/public/lm/lmri10.pfb></usr/share/
texmf/fonts/type1/public/lm/lmsy10.pfb></usr/share/texmf/fonts/type1/public/lm/
lmsy7.pfb></usr/share/texmf/fonts/type1/public/lm/lmtt10.pfb></usr/share/texmf/
fonts/type1/public/lm/lmtti10.pfb></usr/share/texlive/texmf-dist/fonts/type1/pu
blic/amsfonts/symbols/msbm10.pfb>
Output written on reporte.pdf (29 pages, 2495685 bytes).
PDF statistics:
 337 PDF objects out of 1000 (max. 8388607)
 247 compressed objects within 3 object streams
 64 named destinations out of 1000 (max. 500000)
 37024 words of extra memory for PDF output out of 42996 (max. 10000000)

